\BOOKMARK [1][-]{section.1}{\376\377\000I\000n\000t\000r\000o\000d\000u\000c\000t\000i\000o\000n}{}% 1
\BOOKMARK [2][-]{subsection.1.1}{\376\377\000S\000c\000o\000p\000e\000\040\000a\000n\000d\000\040\000L\000i\000m\000i\000t\000a\000t\000i\000o\000n\000s}{section.1}% 2
\BOOKMARK [1][-]{section.2}{\376\377\000B\000a\000c\000k\000g\000r\000o\000u\000n\000d\000\040\000a\000n\000d\000\040\000R\000e\000l\000a\000t\000e\000d\000\040\000W\000o\000r\000k}{}% 3
\BOOKMARK [2][-]{subsection.2.1}{\376\377\000H\000i\000s\000t\000o\000r\000i\000c\000a\000l\000\040\000E\000v\000o\000l\000u\000t\000i\000o\000n\000\040\000o\000f\000\040\000R\000a\000n\000s\000o\000m\000w\000a\000r\000e}{section.2}% 4
\BOOKMARK [3][-]{subsubsection.2.1.1}{\376\377\000F\000i\000r\000s\000t\000\040\000G\000e\000n\000e\000r\000a\000t\000i\000o\000n\000:\000\040\000S\000c\000r\000e\000e\000n\000\040\000L\000o\000c\000k\000e\000r\000s\000\040\000\050\0001\0009\0008\0009\000-\0002\0000\0000\0000\000s\000\051}{subsection.2.1}% 5
\BOOKMARK [3][-]{subsubsection.2.1.2}{\376\377\000S\000e\000c\000o\000n\000d\000\040\000G\000e\000n\000e\000r\000a\000t\000i\000o\000n\000:\000\040\000C\000r\000y\000p\000t\000o\000g\000r\000a\000p\000h\000i\000c\000\040\000R\000a\000n\000s\000o\000m\000w\000a\000r\000e\000\040\000\050\0002\0000\0001\0000\000s\000\051}{subsection.2.1}% 6
\BOOKMARK [3][-]{subsubsection.2.1.3}{\376\377\000T\000h\000i\000r\000d\000\040\000G\000e\000n\000e\000r\000a\000t\000i\000o\000n\000:\000\040\000E\000n\000t\000e\000r\000p\000r\000i\000s\000e\000-\000T\000a\000r\000g\000e\000t\000e\000d\000\040\000A\000t\000t\000a\000c\000k\000s\000\040\000\050\0002\0000\0001\0006\000-\000P\000r\000e\000s\000e\000n\000t\000\051}{subsection.2.1}% 7
\BOOKMARK [2][-]{subsection.2.2}{\376\377\000T\000e\000c\000h\000n\000i\000c\000a\000l\000\040\000C\000l\000a\000s\000s\000i\000f\000i\000c\000a\000t\000i\000o\000n\000\040\000o\000f\000\040\000R\000a\000n\000s\000o\000m\000w\000a\000r\000e}{section.2}% 8
\BOOKMARK [3][-]{subsubsection.2.2.1}{\376\377\000B\000y\000\040\000E\000n\000c\000r\000y\000p\000t\000i\000o\000n\000\040\000M\000e\000t\000h\000o\000d}{subsection.2.2}% 9
\BOOKMARK [3][-]{subsubsection.2.2.2}{\376\377\000B\000y\000\040\000D\000e\000l\000i\000v\000e\000r\000y\000\040\000M\000e\000c\000h\000a\000n\000i\000s\000m}{subsection.2.2}% 10
\BOOKMARK [3][-]{subsubsection.2.2.3}{\376\377\000B\000y\000\040\000P\000e\000r\000s\000i\000s\000t\000e\000n\000c\000e\000\040\000S\000t\000r\000a\000t\000e\000g\000y}{subsection.2.2}% 11
\BOOKMARK [2][-]{subsection.2.3}{\376\377\000E\000c\000o\000n\000o\000m\000i\000c\000\040\000I\000m\000p\000a\000c\000t\000\040\000a\000n\000d\000\040\000T\000r\000e\000n\000d\000s}{section.2}% 12
\BOOKMARK [3][-]{subsubsection.2.3.1}{\376\377\000M\000a\000r\000k\000e\000t\000\040\000S\000i\000z\000e\000\040\000a\000n\000d\000\040\000G\000r\000o\000w\000t\000h}{subsection.2.3}% 13
\BOOKMARK [3][-]{subsubsection.2.3.2}{\376\377\000R\000a\000n\000s\000o\000m\000w\000a\000r\000e\000-\000a\000s\000-\000a\000-\000S\000e\000r\000v\000i\000c\000e\000\040\000\050\000R\000a\000a\000S\000\051\000\040\000E\000c\000o\000n\000o\000m\000y}{subsection.2.3}% 14
\BOOKMARK [3][-]{subsubsection.2.3.3}{\376\377\000D\000o\000u\000b\000l\000e\000\040\000E\000x\000t\000o\000r\000t\000i\000o\000n\000\040\000T\000a\000c\000t\000i\000c\000s}{subsection.2.3}% 15
\BOOKMARK [2][-]{subsection.2.4}{\376\377\000N\000o\000t\000a\000b\000l\000e\000\040\000R\000a\000n\000s\000o\000m\000w\000a\000r\000e\000\040\000F\000a\000m\000i\000l\000i\000e\000s}{section.2}% 16
\BOOKMARK [3][-]{subsubsection.2.4.1}{\376\377\000W\000a\000n\000n\000a\000C\000r\000y\000\040\000\050\0002\0000\0001\0007\000\051}{subsection.2.4}% 17
\BOOKMARK [3][-]{subsubsection.2.4.2}{\376\377\000R\000y\000u\000k\000\040\000\050\0002\0000\0001\0008\000-\0002\0000\0002\0001\000\051}{subsection.2.4}% 18
\BOOKMARK [3][-]{subsubsection.2.4.3}{\376\377\000C\000o\000n\000t\000i\000\040\000\050\0002\0000\0002\0000\000-\0002\0000\0002\0002\000\051}{subsection.2.4}% 19
\BOOKMARK [3][-]{subsubsection.2.4.4}{\376\377\000L\000o\000c\000k\000B\000i\000t\000\040\000\050\0002\0000\0002\0001\000-\000P\000r\000e\000s\000e\000n\000t\000\051}{subsection.2.4}% 20
\BOOKMARK [2][-]{subsection.2.5}{\376\377\000D\000e\000f\000e\000n\000s\000i\000v\000e\000\040\000R\000e\000s\000e\000a\000r\000c\000h\000\040\000L\000a\000n\000d\000s\000c\000a\000p\000e}{section.2}% 21
\BOOKMARK [3][-]{subsubsection.2.5.1}{\376\377\000A\000c\000a\000d\000e\000m\000i\000c\000\040\000C\000o\000n\000t\000r\000i\000b\000u\000t\000i\000o\000n\000s}{subsection.2.5}% 22
\BOOKMARK [3][-]{subsubsection.2.5.2}{\376\377\000I\000n\000d\000u\000s\000t\000r\000y\000\040\000D\000e\000v\000e\000l\000o\000p\000m\000e\000n\000t\000s}{subsection.2.5}% 23
\BOOKMARK [3][-]{subsubsection.2.5.3}{\376\377\000C\000h\000a\000l\000l\000e\000n\000g\000e\000s\000\040\000i\000n\000\040\000R\000a\000n\000s\000o\000m\000w\000a\000r\000e\000\040\000R\000e\000s\000e\000a\000r\000c\000h}{subsection.2.5}% 24
\BOOKMARK [1][-]{section.3}{\376\377\000R\000e\000s\000p\000o\000n\000s\000i\000b\000l\000e\000\040\000R\000e\000s\000e\000a\000r\000c\000h\000\040\000a\000n\000d\000\040\000E\000t\000h\000i\000c\000s}{}% 25
\BOOKMARK [2][-]{subsection.3.1}{\376\377\000E\000t\000h\000i\000c\000a\000l\000\040\000F\000r\000a\000m\000e\000w\000o\000r\000k}{section.3}% 26
\BOOKMARK [2][-]{subsection.3.2}{\376\377\000S\000a\000f\000e\000\040\000E\000x\000p\000e\000r\000i\000m\000e\000n\000t\000a\000t\000i\000o\000n\000\040\000P\000r\000a\000c\000t\000i\000c\000e\000s}{section.3}% 27
\BOOKMARK [1][-]{section.4}{\376\377\000T\000h\000r\000e\000a\000t\000\040\000M\000o\000d\000e\000l}{}% 28
\BOOKMARK [2][-]{subsection.4.1}{\376\377\000A\000d\000v\000e\000r\000s\000a\000r\000y\000\040\000G\000o\000a\000l\000s}{section.4}% 29
\BOOKMARK [3][-]{subsubsection.4.1.1}{\376\377\000P\000r\000i\000m\000a\000r\000y\000\040\000O\000b\000j\000e\000c\000t\000i\000v\000e\000s}{subsection.4.1}% 30
\BOOKMARK [3][-]{subsubsection.4.1.2}{\376\377\000S\000e\000c\000o\000n\000d\000a\000r\000y\000\040\000B\000e\000n\000e\000f\000i\000t\000s}{subsection.4.1}% 31
\BOOKMARK [2][-]{subsection.4.2}{\376\377\000A\000d\000v\000e\000r\000s\000a\000r\000y\000\040\000P\000r\000o\000f\000i\000l\000i\000n\000g}{section.4}% 32
\BOOKMARK [3][-]{subsubsection.4.2.1}{\376\377\000I\000n\000d\000i\000v\000i\000d\000u\000a\000l\000\040\000O\000p\000e\000r\000a\000t\000o\000r\000s}{subsection.4.2}% 33
\BOOKMARK [3][-]{subsubsection.4.2.2}{\376\377\000O\000r\000g\000a\000n\000i\000z\000e\000d\000\040\000C\000r\000i\000m\000e\000\040\000G\000r\000o\000u\000p\000s}{subsection.4.2}% 34
\BOOKMARK [3][-]{subsubsection.4.2.3}{\376\377\000C\000a\000p\000a\000b\000i\000l\000i\000t\000y\000\040\000L\000e\000v\000e\000l\000s}{subsection.4.2}% 35
\BOOKMARK [2][-]{subsection.4.3}{\376\377\000C\000a\000p\000a\000b\000i\000l\000i\000t\000i\000e\000s\000\040\000a\000n\000d\000\040\000C\000o\000n\000s\000t\000r\000a\000i\000n\000t\000s}{section.4}% 36
\BOOKMARK [3][-]{subsubsection.4.3.1}{\376\377\000T\000e\000c\000h\000n\000i\000c\000a\000l\000\040\000C\000a\000p\000a\000b\000i\000l\000i\000t\000i\000e\000s}{subsection.4.3}% 37
\BOOKMARK [3][-]{subsubsection.4.3.2}{\376\377\000O\000p\000e\000r\000a\000t\000i\000o\000n\000a\000l\000\040\000C\000o\000n\000s\000t\000r\000a\000i\000n\000t\000s}{subsection.4.3}% 38
\BOOKMARK [2][-]{subsection.4.4}{\376\377\000A\000t\000t\000a\000c\000k\000\040\000S\000u\000r\000f\000a\000c\000e}{section.4}% 39
\BOOKMARK [3][-]{subsubsection.4.4.1}{\376\377\000I\000n\000i\000t\000i\000a\000l\000\040\000A\000c\000c\000e\000s\000s\000\040\000V\000e\000c\000t\000o\000r\000s}{subsection.4.4}% 40
\BOOKMARK [3][-]{subsubsection.4.4.2}{\376\377\000L\000a\000t\000e\000r\000a\000l\000\040\000M\000o\000v\000e\000m\000e\000n\000t\000\040\000T\000e\000c\000h\000n\000i\000q\000u\000e\000s}{subsection.4.4}% 41
\BOOKMARK [3][-]{subsubsection.4.4.3}{\376\377\000P\000e\000r\000s\000i\000s\000t\000e\000n\000c\000e\000\040\000M\000e\000c\000h\000a\000n\000i\000s\000m\000s}{subsection.4.4}% 42
\BOOKMARK [2][-]{subsection.4.5}{\376\377\000A\000t\000t\000a\000c\000k\000\040\000L\000i\000f\000e\000c\000y\000c\000l\000e}{section.4}% 43
\BOOKMARK [3][-]{subsubsection.4.5.1}{\376\377\000P\000h\000a\000s\000e\000\040\0001\000:\000\040\000R\000e\000c\000o\000n\000n\000a\000i\000s\000s\000a\000n\000c\000e}{subsection.4.5}% 44
\BOOKMARK [3][-]{subsubsection.4.5.2}{\376\377\000P\000h\000a\000s\000e\000\040\0002\000:\000\040\000I\000n\000i\000t\000i\000a\000l\000\040\000A\000c\000c\000e\000s\000s}{subsection.4.5}% 45
\BOOKMARK [3][-]{subsubsection.4.5.3}{\376\377\000P\000h\000a\000s\000e\000\040\0003\000:\000\040\000P\000r\000i\000v\000i\000l\000e\000g\000e\000\040\000E\000s\000c\000a\000l\000a\000t\000i\000o\000n}{subsection.4.5}% 46
\BOOKMARK [3][-]{subsubsection.4.5.4}{\376\377\000P\000h\000a\000s\000e\000\040\0004\000:\000\040\000I\000n\000t\000e\000r\000n\000a\000l\000\040\000R\000e\000c\000o\000n\000n\000a\000i\000s\000s\000a\000n\000c\000e}{subsection.4.5}% 47
\BOOKMARK [3][-]{subsubsection.4.5.5}{\376\377\000P\000h\000a\000s\000e\000\040\0005\000:\000\040\000L\000a\000t\000e\000r\000a\000l\000\040\000M\000o\000v\000e\000m\000e\000n\000t}{subsection.4.5}% 48
\BOOKMARK [3][-]{subsubsection.4.5.6}{\376\377\000P\000h\000a\000s\000e\000\040\0006\000:\000\040\000I\000m\000p\000a\000c\000t}{subsection.4.5}% 49
\BOOKMARK [3][-]{subsubsection.4.5.7}{\376\377\000P\000h\000a\000s\000e\000\040\0007\000:\000\040\000M\000o\000n\000e\000t\000i\000z\000a\000t\000i\000o\000n}{subsection.4.5}% 50
\BOOKMARK [2][-]{subsection.4.6}{\376\377\000R\000i\000s\000k\000\040\000A\000s\000s\000e\000s\000s\000m\000e\000n\000t}{section.4}% 51
\BOOKMARK [3][-]{subsubsection.4.6.1}{\376\377\000I\000m\000p\000a\000c\000t\000\040\000S\000e\000v\000e\000r\000i\000t\000y\000\040\000L\000e\000v\000e\000l\000s}{subsection.4.6}% 52
\BOOKMARK [3][-]{subsubsection.4.6.2}{\376\377\000V\000u\000l\000n\000e\000r\000a\000b\000i\000l\000i\000t\000y\000\040\000F\000a\000c\000t\000o\000r\000s}{subsection.4.6}% 53
\BOOKMARK [3][-]{subsubsection.4.6.3}{\376\377\000T\000h\000r\000e\000a\000t\000\040\000I\000n\000t\000e\000l\000l\000i\000g\000e\000n\000c\000e\000\040\000I\000n\000t\000e\000g\000r\000a\000t\000i\000o\000n}{subsection.4.6}% 54
\BOOKMARK [1][-]{section.5}{\376\377\000H\000i\000g\000h\000-\000L\000e\000v\000e\000l\000\040\000D\000e\000s\000i\000g\000n}{}% 55
\BOOKMARK [2][-]{subsection.5.1}{\376\377\000M\000o\000d\000u\000l\000a\000r\000\040\000O\000v\000e\000r\000v\000i\000e\000w}{section.5}% 56
\BOOKMARK [1][-]{section.6}{\376\377\000C\000r\000y\000p\000t\000o\000g\000r\000a\000p\000h\000y\000:\000\040\000C\000o\000n\000c\000e\000p\000t\000s\000\040\000a\000n\000d\000\040\000C\000o\000n\000s\000i\000d\000e\000r\000a\000t\000i\000o\000n\000s}{}% 57
\BOOKMARK [2][-]{subsection.6.1}{\376\377\000E\000n\000c\000r\000y\000p\000t\000i\000o\000n\000\040\000P\000r\000i\000m\000i\000t\000i\000v\000e\000s}{section.6}% 58
\BOOKMARK [3][-]{subsubsection.6.1.1}{\376\377\000S\000y\000m\000m\000e\000t\000r\000i\000c\000\040\000E\000n\000c\000r\000y\000p\000t\000i\000o\000n\000\040\000A\000l\000g\000o\000r\000i\000t\000h\000m\000s}{subsection.6.1}% 59
\BOOKMARK [3][-]{subsubsection.6.1.2}{\376\377\000A\000s\000y\000m\000m\000e\000t\000r\000i\000c\000\040\000E\000n\000c\000r\000y\000p\000t\000i\000o\000n\000\040\000A\000l\000g\000o\000r\000i\000t\000h\000m\000s}{subsection.6.1}% 60
